Command line invocation:
    /Applications/Xcode.app/Contents/Developer/usr/bin/xcodebuild -workspace FootprintMap.xcodeproj/project.xcworkspace -scheme FootprintMap -sdk iphonesimulator -destination "name=iPhone 17 Pro" build

Build settings from command line:
    SDKROOT = iphonesimulator26.2

Resolve Package Graph


Resolved source packages:
  MapboxCommon: https://github.com/mapbox/mapbox-common-ios.git @ 24.19.0
  MapboxCoreMaps: https://github.com/mapbox/mapbox-core-maps-ios.git @ 11.19.0
  MapboxMaps: https://github.com/mapbox/mapbox-maps-ios.git @ 11.19.0
  Turf: https://github.com/mapbox/turf-swift.git @ 4.0.0

ComputePackagePrebuildTargetDependencyGraph

Prepare packages

CreateBuildRequest

SendProjectDescription

CreateBuildOperation

ComputeTargetDependencyGraph
note: Building targets in dependency order
note: Target dependency graph (9 targets)
    Target 'FootprintMap' in project 'FootprintMap'
        ➜ Explicit dependency on target 'MapboxMaps' in project 'MapboxMaps'
    Target 'MapboxMaps' in project 'MapboxMaps'
        ➜ Explicit dependency on target 'MapboxMaps' in project 'MapboxMaps'
        ➜ Explicit dependency on target 'MapboxMaps_MapboxMaps' in project 'MapboxMaps'
        ➜ Explicit dependency on target 'Turf' in project 'Turf'
        ➜ Explicit dependency on target 'MapboxCommon' in project 'MapboxCommon'
        ➜ Explicit dependency on target 'MapboxCoreMaps' in project 'MapboxCoreMaps'
    Target 'MapboxMaps' in project 'MapboxMaps'
        ➜ Explicit dependency on target 'MapboxMaps_MapboxMaps' in project 'MapboxMaps'
        ➜ Explicit dependency on target 'Turf' in project 'Turf'
        ➜ Explicit dependency on target 'MapboxCommon' in project 'MapboxCommon'
        ➜ Explicit dependency on target 'MapboxCoreMaps' in project 'MapboxCoreMaps'
    Target 'MapboxCoreMaps' in project 'MapboxCoreMaps'
        ➜ Explicit dependency on target 'MapboxCoreMapsWrapper' in project 'MapboxCoreMaps'
        ➜ Explicit dependency on target 'MapboxCommon' in project 'MapboxCommon'
    Target 'MapboxCoreMapsWrapper' in project 'MapboxCoreMaps'
        ➜ Explicit dependency on target 'MapboxCommon' in project 'MapboxCommon'
    Target 'MapboxCommon' in project 'MapboxCommon'
        ➜ Explicit dependency on target 'MapboxCommonWrapper' in project 'MapboxCommon'
        ➜ Explicit dependency on target 'Turf' in project 'Turf'
    Target 'MapboxCommonWrapper' in project 'MapboxCommon'
        ➜ Explicit dependency on target 'Turf' in project 'Turf'
    Target 'Turf' in project 'Turf' (no dependencies)
    Target 'MapboxMaps_MapboxMaps' in project 'MapboxMaps' (no dependencies)

GatherProvisioningInputs

CreateBuildDescription

ClangStatCache /Applications/Xcode.app/Contents/Developer/Toolchains/XcodeDefault.xctoolchain/usr/bin/clang-stat-cache /Applications/Xcode.app/Contents/Developer/Platforms/iPhoneSimulator.platform/Developer/SDKs/iPhoneSimulator26.2.sdk /Users/seven/Library/Developer/Xcode/DerivedData/SDKStatCaches.noindex/iphonesimulator26.2-23C57-dc75598d0054f22ec865fa860f139d727d00a8b37fbd7999ea79df8ebc024bf0.sdkstatcache
    cd /Users/seven/Downloads/PhotoTrail/FootprintMap/FootprintMap.xcodeproj
    /Applications/Xcode.app/Contents/Developer/Toolchains/XcodeDefault.xctoolchain/usr/bin/clang-stat-cache /Applications/Xcode.app/Contents/Developer/Platforms/iPhoneSimulator.platform/Developer/SDKs/iPhoneSimulator26.2.sdk -o /Users/seven/Library/Developer/Xcode/DerivedData/SDKStatCaches.noindex/iphonesimulator26.2-23C57-dc75598d0054f22ec865fa860f139d727d00a8b37fbd7999ea79df8ebc024bf0.sdkstatcache

SwiftDriver FootprintMap normal arm64 com.apple.xcode.tools.swift.compiler (in target 'FootprintMap' from project 'FootprintMap')
    cd /Users/seven/Downloads/PhotoTrail/FootprintMap
    builtin-SwiftDriver -- /Applications/Xcode.app/Contents/Developer/Toolchains/XcodeDefault.xctoolchain/usr/bin/swiftc -module-name FootprintMap -Onone -enforce-exclusivity\=checked @/Users/seven/Library/Developer/Xcode/DerivedData/FootprintMap-eophndivrlpxbbcrlehafohdrtst/Build/Intermediates.noindex/FootprintMap.build/Debug-iphonesimulator/FootprintMap.build/Objects-normal/arm64/FootprintMap.SwiftFileList -DDEBUG -enable-bare-slash-regex -enable-experimental-feature DebugDescriptionMacro -sdk /Applications/Xcode.app/Contents/Developer/Platforms/iPhoneSimulator.platform/Developer/SDKs/iPhoneSimulator26.2.sdk -target arm64-apple-ios17.0-simulator -g -module-cache-path /Users/seven/Library/Developer/Xcode/DerivedData/ModuleCache.noindex -Xfrontend -serialize-debugging-options -enable-testing -index-store-path /Users/seven/Library/Developer/Xcode/DerivedData/FootprintMap-eophndivrlpxbbcrlehafohdrtst/Index.noindex/DataStore -Xcc -D_LIBCPP_HARDENING_MODE\=_LIBCPP_HARDENING_MODE_DEBUG -swift-version 5 -I /Users/seven/Library/Developer/Xcode/DerivedData/FootprintMap-eophndivrlpxbbcrlehafohdrtst/Build/Products/Debug-iphonesimulator -F /Users/seven/Library/Developer/Xcode/DerivedData/FootprintMap-eophndivrlpxbbcrlehafohdrtst/Build/Products/Debug-iphonesimulator/PackageFrameworks -F /Users/seven/Library/Developer/Xcode/DerivedData/FootprintMap-eophndivrlpxbbcrlehafohdrtst/Build/Products/Debug-iphonesimulator/PackageFrameworks -F /Users/seven/Library/Developer/Xcode/DerivedData/FootprintMap-eophndivrlpxbbcrlehafohdrtst/Build/Products/Debug-iphonesimulator/PackageFrameworks -F /Users/seven/Library/Developer/Xcode/DerivedData/FootprintMap-eophndivrlpxbbcrlehafohdrtst/Build/Products/Debug-iphonesimulator -c -j8 -enable-batch-mode -incremental -Xcc -ivfsstatcache -Xcc /Users/seven/Library/Developer/Xcode/DerivedData/SDKStatCaches.noindex/iphonesimulator26.2-23C57-dc75598d0054f22ec865fa860f139d727d00a8b37fbd7999ea79df8ebc024bf0.sdkstatcache -output-file-map /Users/seven/Library/Developer/Xcode/DerivedData/FootprintMap-eophndivrlpxbbcrlehafohdrtst/Build/Intermediates.noindex/FootprintMap.build/Debug-iphonesimulator/FootprintMap.build/Objects-normal/arm64/FootprintMap-OutputFileMap.json -use-frontend-parseable-output -save-temps -no-color-diagnostics -explicit-module-build -module-cache-path /Users/seven/Library/Developer/Xcode/DerivedData/FootprintMap-eophndivrlpxbbcrlehafohdrtst/Build/Intermediates.noindex/SwiftExplicitPrecompiledModules -clang-scanner-module-cache-path /Users/seven/Library/Developer/Xcode/DerivedData/ModuleCache.noindex -sdk-module-cache-path /Users/seven/Library/Developer/Xcode/DerivedData/ModuleCache.noindex -serialize-diagnostics -emit-dependencies -emit-module -emit-module-path /Users/seven/Library/Developer/Xcode/DerivedData/FootprintMap-eophndivrlpxbbcrlehafohdrtst/Build/Intermediates.noindex/FootprintMap.build/Debug-iphonesimulator/FootprintMap.build/Objects-normal/arm64/FootprintMap.swiftmodule -validate-clang-modules-once -clang-build-session-file /Users/seven/Library/Developer/Xcode/DerivedData/ModuleCache.noindex/Session.modulevalidation -Xcc -I/Users/seven/Library/Developer/Xcode/DerivedData/FootprintMap-eophndivrlpxbbcrlehafohdrtst/Build/Intermediates.noindex/FootprintMap.build/Debug-iphonesimulator/FootprintMap.build/swift-overrides.hmap -emit-const-values -Xfrontend -const-gather-protocols-file -Xfrontend /Users/seven/Library/Developer/Xcode/DerivedData/FootprintMap-eophndivrlpxbbcrlehafohdrtst/Build/Intermediates.noindex/FootprintMap.build/Debug-iphonesimulator/FootprintMap.build/Objects-normal/arm64/FootprintMap_const_extract_protocols.json -Xcc -iquote -Xcc /Users/seven/Library/Developer/Xcode/DerivedData/FootprintMap-eophndivrlpxbbcrlehafohdrtst/Build/Intermediates.noindex/FootprintMap.build/Debug-iphonesimulator/FootprintMap.build/FootprintMap-generated-files.hmap -Xcc -I/Users/seven/Library/Developer/Xcode/DerivedData/FootprintMap-eophndivrlpxbbcrlehafohdrtst/Build/Intermediates.noindex/FootprintMap.build/Debug-iphonesimulator/FootprintMap.build/FootprintMap-own-target-headers.hmap -Xcc -I/Users/seven/Library/Developer/Xcode/DerivedData/FootprintMap-eophndivrlpxbbcrlehafohdrtst/Build/Intermediates.noindex/FootprintMap.build/Debug-iphonesimulator/FootprintMap.build/FootprintMap-all-non-framework-target-headers.hmap -Xcc -ivfsoverlay -Xcc /Users/seven/Library/Developer/Xcode/DerivedData/FootprintMap-eophndivrlpxbbcrlehafohdrtst/Build/Intermediates.noindex/FootprintMap.build/Debug-iphonesimulator/FootprintMap-c3e91d4c5c794c7df39455718aad93f0-VFS-iphonesimulator/all-product-headers.yaml -Xcc -iquote -Xcc /Users/seven/Library/Developer/Xcode/DerivedData/FootprintMap-eophndivrlpxbbcrlehafohdrtst/Build/Intermediates.noindex/FootprintMap.build/Debug-iphonesimulator/FootprintMap.build/FootprintMap-project-headers.hmap -Xcc -I/Users/seven/Library/Developer/Xcode/DerivedData/FootprintMap-eophndivrlpxbbcrlehafohdrtst/Build/Products/Debug-iphonesimulator/include -Xcc -I/Users/seven/Library/Developer/Xcode/DerivedData/FootprintMap-eophndivrlpxbbcrlehafohdrtst/Build/Intermediates.noindex/FootprintMap.build/Debug-iphonesimulator/FootprintMap.build/DerivedSources-normal/arm64 -Xcc -I/Users/seven/Library/Developer/Xcode/DerivedData/FootprintMap-eophndivrlpxbbcrlehafohdrtst/Build/Intermediates.noindex/FootprintMap.build/Debug-iphonesimulator/FootprintMap.build/DerivedSources/arm64 -Xcc -I/Users/seven/Library/Developer/Xcode/DerivedData/FootprintMap-eophndivrlpxbbcrlehafohdrtst/Build/Intermediates.noindex/FootprintMap.build/Debug-iphonesimulator/FootprintMap.build/DerivedSources -Xcc -DDEBUG\=1 -emit-objc-header -emit-objc-header-path /Users/seven/Library/Developer/Xcode/DerivedData/FootprintMap-eophndivrlpxbbcrlehafohdrtst/Build/Intermediates.noindex/FootprintMap.build/Debug-iphonesimulator/FootprintMap.build/Objects-normal/arm64/FootprintMap-Swift.h -working-directory /Users/seven/Downloads/PhotoTrail/FootprintMap -experimental-emit-module-separately -disable-cmo

CompileAssetCatalogVariant thinned /Users/seven/Library/Developer/Xcode/DerivedData/FootprintMap-eophndivrlpxbbcrlehafohdrtst/Build/Products/Debug-iphonesimulator/FootprintMap.app /Users/seven/Downloads/PhotoTrail/FootprintMap/FootprintMap/Assets.xcassets (in target 'FootprintMap' from project 'FootprintMap')
    cd /Users/seven/Downloads/PhotoTrail/FootprintMap
    /Applications/Xcode.app/Contents/Developer/usr/bin/actool /Users/seven/Downloads/PhotoTrail/FootprintMap/FootprintMap/Assets.xcassets --compile /Users/seven/Library/Developer/Xcode/DerivedData/FootprintMap-eophndivrlpxbbcrlehafohdrtst/Build/Intermediates.noindex/FootprintMap.build/Debug-iphonesimulator/FootprintMap.build/assetcatalog_output/thinned --output-format human-readable-text --notices --warnings --export-dependency-info /Users/seven/Library/Developer/Xcode/DerivedData/FootprintMap-eophndivrlpxbbcrlehafohdrtst/Build/Intermediates.noindex/FootprintMap.build/Debug-iphonesimulator/FootprintMap.build/assetcatalog_dependencies_thinned --output-partial-info-plist /Users/seven/Library/Developer/Xcode/DerivedData/FootprintMap-eophndivrlpxbbcrlehafohdrtst/Build/Intermediates.noindex/FootprintMap.build/Debug-iphonesimulator/FootprintMap.build/assetcatalog_generated_info.plist_thinned --app-icon AppIcon --compress-pngs --enable-on-demand-resources YES --filter-for-thinning-device-configuration iPhone18,1 --filter-for-device-os-version 26.3.1 --development-region en --target-device iphone --target-device ipad --minimum-deployment-target 17.0 --platform iphonesimulator

SwiftCompile normal arm64 Compiling\ MapboxMapView.swift /Users/seven/Downloads/PhotoTrail/FootprintMap/FootprintMap/MapboxMapView.swift (in target 'FootprintMap' from project 'FootprintMap')
Failed frontend command:
/Applications/Xcode.app/Contents/Developer/Toolchains/XcodeDefault.xctoolchain/usr/bin/swift-frontend -frontend -c /Users/seven/Downloads/PhotoTrail/FootprintMap/FootprintMap/FootprintHomeView.swift /Users/seven/Downloads/PhotoTrail/FootprintMap/FootprintMap/FootprintMapApp.swift /Users/seven/Downloads/PhotoTrail/FootprintMap/FootprintMap/MapStyleManager.swift -primary-file /Users/seven/Downloads/PhotoTrail/FootprintMap/FootprintMap/MapboxMapView.swift /Users/seven/Downloads/PhotoTrail/FootprintMap/FootprintMap/PhotoGalleryViews.swift /Users/seven/Downloads/PhotoTrail/FootprintMap/FootprintMap/PhotoMapViews.swift /Users/seven/Library/Developer/Xcode/DerivedData/FootprintMap-eophndivrlpxbbcrlehafohdrtst/Build/Intermediates.noindex/FootprintMap.build/Debug-iphonesimulator/FootprintMap.build/DerivedSources/GeneratedAssetSymbols.swift -emit-dependencies-path /Users/seven/Library/Developer/Xcode/DerivedData/FootprintMap-eophndivrlpxbbcrlehafohdrtst/Build/Intermediates.noindex/FootprintMap.build/Debug-iphonesimulator/FootprintMap.build/Objects-normal/arm64/MapboxMapView.d -emit-const-values-path /Users/seven/Library/Developer/Xcode/DerivedData/FootprintMap-eophndivrlpxbbcrlehafohdrtst/Build/Intermediates.noindex/FootprintMap.build/Debug-iphonesimulator/FootprintMap.build/Objects-normal/arm64/MapboxMapView.swiftconstvalues -emit-reference-dependencies-path /Users/seven/Library/Developer/Xcode/DerivedData/FootprintMap-eophndivrlpxbbcrlehafohdrtst/Build/Intermediates.noindex/FootprintMap.build/Debug-iphonesimulator/FootprintMap.build/Objects-normal/arm64/MapboxMapView.swiftdeps -serialize-diagnostics-path /Users/seven/Library/Developer/Xcode/DerivedData/FootprintMap-eophndivrlpxbbcrlehafohdrtst/Build/Intermediates.noindex/FootprintMap.build/Debug-iphonesimulator/FootprintMap.build/Objects-normal/arm64/MapboxMapView.dia -target arm64-apple-ios17.0-simulator -module-can-import-version DeveloperToolsSupport 23.0.4 23.0.4 -disable-cross-import-overlay-search -swift-module-cross-import MapKit /Applications/Xcode.app/Contents/Developer/Platforms/iPhoneSimulator.platform/Developer/SDKs/iPhoneSimulator.sdk/System/Library/Frameworks/MapKit.framework/Modules/MapKit.swiftcrossimport/SwiftUI.swiftoverlay -load-resolved-plugin /Applications/Xcode.app/Contents/Developer/Platforms/iPhoneOS.platform/Developer/usr/lib/swift/host/plugins/libFoundationMacros.dylib\#/Applications/Xcode.app/Contents/Developer/Platforms/iPhoneOS.platform/Developer/usr/bin/swift-plugin-server\#FoundationMacros -load-resolved-plugin /Applications/Xcode.app/Contents/Developer/Platforms/iPhoneOS.platform/Developer/usr/lib/swift/host/plugins/libObservationMacros.dylib\#/Applications/Xcode.app/Contents/Developer/Platforms/iPhoneOS.platform/Developer/usr/bin/swift-plugin-server\#ObservationMacros -load-resolved-plugin /Applications/Xcode.app/Contents/Developer/Platforms/iPhoneOS.platform/Developer/usr/lib/swift/host/plugins/libPreviewsMacros.dylib\#/Applications/Xcode.app/Contents/Developer/Platforms/iPhoneOS.platform/Developer/usr/bin/swift-plugin-server\#PreviewsMacros -load-resolved-plugin /Applications/Xcode.app/Contents/Developer/Platforms/iPhoneOS.platform/Developer/usr/lib/swift/host/plugins/libSwiftMacros.dylib\#/Applications/Xcode.app/Contents/Developer/Platforms/iPhoneOS.platform/Developer/usr/bin/swift-plugin-server\#SwiftMacros -load-resolved-plugin /Applications/Xcode.app/Contents/Developer/Platforms/iPhoneOS.platform/Developer/usr/lib/swift/host/plugins/libSwiftUIMacros.dylib\#/Applications/Xcode.app/Contents/Developer/Platforms/iPhoneOS.platform/Developer/usr/bin/swift-plugin-server\#SwiftUIMacros -disable-implicit-swift-modules -Xcc -fno-implicit-modules -Xcc -fno-implicit-module-maps -explicit-swift-module-map-file /Users/seven/Library/Developer/Xcode/DerivedData/FootprintMap-eophndivrlpxbbcrlehafohdrtst/Build/Intermediates.noindex/FootprintMap.build/Debug-iphonesimulator/FootprintMap.build/Objects-normal/arm64/FootprintMap-dependencies-1.json -Xllvm -aarch64-use-tbi -enable-objc-interop -sdk /Applications/Xcode.app/Contents/Developer/Platforms/iPhoneSimulator.platform/Developer/SDKs/iPhoneSimulator26.2.sdk -I /Users/seven/Library/Developer/Xcode/DerivedData/FootprintMap-eophndivrlpxbbcrlehafohdrtst/Build/Products/Debug-iphonesimulator -F /Users/seven/Library/Developer/Xcode/DerivedData/FootprintMap-eophndivrlpxbbcrlehafohdrtst/Build/Products/Debug-iphonesimulator/PackageFrameworks -F /Users/seven/Library/Developer/Xcode/DerivedData/FootprintMap-eophndivrlpxbbcrlehafohdrtst/Build/Products/Debug-iphonesimulator/PackageFrameworks -F /Users/seven/Library/Developer/Xcode/DerivedData/FootprintMap-eophndivrlpxbbcrlehafohdrtst/Build/Products/Debug-iphonesimulator/PackageFrameworks -F /Users/seven/Library/Developer/Xcode/DerivedData/FootprintMap-eophndivrlpxbbcrlehafohdrtst/Build/Products/Debug-iphonesimulator -no-color-diagnostics -Xcc -fno-color-diagnostics -enable-testing -g -debug-info-format\=dwarf -dwarf-version\=4 -module-cache-path /Users/seven/Library/Developer/Xcode/DerivedData/FootprintMap-eophndivrlpxbbcrlehafohdrtst/Build/Intermediates.noindex/SwiftExplicitPrecompiledModules -swift-version 5 -enforce-exclusivity\=checked -Onone -D DEBUG -serialize-debugging-options -const-gather-protocols-file /Users/seven/Library/Developer/Xcode/DerivedData/FootprintMap-eophndivrlpxbbcrlehafohdrtst/Build/Intermediates.noindex/FootprintMap.build/Debug-iphonesimulator/FootprintMap.build/Objects-normal/arm64/FootprintMap_const_extract_protocols.json -enable-experimental-feature DebugDescriptionMacro -enable-bare-slash-regex -empty-abi-descriptor -validate-clang-modules-once -clang-build-session-file /Users/seven/Library/Developer/Xcode/DerivedData/ModuleCache.noindex/Session.modulevalidation -Xcc -working-directory -Xcc /Users/seven/Downloads/PhotoTrail/FootprintMap -enable-anonymous-context-mangled-names -file-compilation-dir /Users/seven/Downloads/PhotoTrail/FootprintMap -Xcc -D_LIBCPP_HARDENING_MODE\=_LIBCPP_HARDENING_MODE_DEBUG -Xcc -ivfsstatcache -Xcc /Users/seven/Library/Developer/Xcode/DerivedData/SDKStatCaches.noindex/iphonesimulator26.2-23C57-dc75598d0054f22ec865fa860f139d727d00a8b37fbd7999ea79df8ebc024bf0.sdkstatcache -Xcc -I/Users/seven/Library/Developer/Xcode/DerivedData/FootprintMap-eophndivrlpxbbcrlehafohdrtst/Build/Intermediates.noindex/FootprintMap.build/Debug-iphonesimulator/FootprintMap.build/swift-overrides.hmap -Xcc -iquote -Xcc /Users/seven/Library/Developer/Xcode/DerivedData/FootprintMap-eophndivrlpxbbcrlehafohdrtst/Build/Intermediates.noindex/FootprintMap.build/Debug-iphonesimulator/FootprintMap.build/FootprintMap-generated-files.hmap -Xcc -I/Users/seven/Library/Developer/Xcode/DerivedData/FootprintMap-eophndivrlpxbbcrlehafohdrtst/Build/Intermediates.noindex/FootprintMap.build/Debug-iphonesimulator/FootprintMap.build/FootprintMap-own-target-headers.hmap -Xcc -I/Users/seven/Library/Developer/Xcode/DerivedData/FootprintMap-eophndivrlpxbbcrlehafohdrtst/Build/Intermediates.noindex/FootprintMap.build/Debug-iphonesimulator/FootprintMap.build/FootprintMap-all-non-framework-target-headers.hmap -Xcc -ivfsoverlay -Xcc /Users/seven/Library/Developer/Xcode/DerivedData/FootprintMap-eophndivrlpxbbcrlehafohdrtst/Build/Intermediates.noindex/FootprintMap.build/Debug-iphonesimulator/FootprintMap-c3e91d4c5c794c7df39455718aad93f0-VFS-iphonesimulator/all-product-headers.yaml -Xcc -iquote -Xcc /Users/seven/Library/Developer/Xcode/DerivedData/FootprintMap-eophndivrlpxbbcrlehafohdrtst/Build/Intermediates.noindex/FootprintMap.build/Debug-iphonesimulator/FootprintMap.build/FootprintMap-project-headers.hmap -Xcc -I/Users/seven/Library/Developer/Xcode/DerivedData/FootprintMap-eophndivrlpxbbcrlehafohdrtst/Build/Products/Debug-iphonesimulator/include -Xcc -I/Users/seven/Library/Developer/Xcode/DerivedData/FootprintMap-eophndivrlpxbbcrlehafohdrtst/Build/Intermediates.noindex/FootprintMap.build/Debug-iphonesimulator/FootprintMap.build/DerivedSources-normal/arm64 -Xcc -I/Users/seven/Library/Developer/Xcode/DerivedData/FootprintMap-eophndivrlpxbbcrlehafohdrtst/Build/Intermediates.noindex/FootprintMap.build/Debug-iphonesimulator/FootprintMap.build/DerivedSources/arm64 -Xcc -I/Users/seven/Library/Developer/Xcode/DerivedData/FootprintMap-eophndivrlpxbbcrlehafohdrtst/Build/Intermediates.noindex/FootprintMap.build/Debug-iphonesimulator/FootprintMap.build/DerivedSources -Xcc -DDEBUG\=1 -no-auto-bridging-header-chaining -module-name FootprintMap -frontend-parseable-output -disable-clang-spi -target-sdk-version 26.2 -target-sdk-name iphonesimulator26.2 -clang-target arm64-apple-ios26.2-simulator -in-process-plugin-server-path /Applications/Xcode.app/Contents/Developer/Toolchains/XcodeDefault.xctoolchain/usr/lib/swift/host/libSwiftInProcPluginServer.dylib -o /Users/seven/Library/Developer/Xcode/DerivedData/FootprintMap-eophndivrlpxbbcrlehafohdrtst/Build/Intermediates.noindex/FootprintMap.build/Debug-iphonesimulator/FootprintMap.build/Objects-normal/arm64/MapboxMapView.o -index-unit-output-path /FootprintMap.build/Debug-iphonesimulator/FootprintMap.build/Objects-normal/arm64/MapboxMapView.o -index-store-path /Users/seven/Library/Developer/Xcode/DerivedData/FootprintMap-eophndivrlpxbbcrlehafohdrtst/Index.noindex/DataStore -index-system-modules

SwiftCompile normal arm64 /Users/seven/Downloads/PhotoTrail/FootprintMap/FootprintMap/MapboxMapView.swift (in target 'FootprintMap' from project 'FootprintMap')
    cd /Users/seven/Downloads/PhotoTrail/FootprintMap
    
/Users/seven/Downloads/PhotoTrail/FootprintMap/FootprintMap/MapboxMapView.swift:275:45: warning: conformance of 'MapboxMapWrapperView.Coordinator' to protocol 'AnnotationInteractionDelegate' crosses into main actor-isolated code and can cause data races; this is an error in the Swift 6 language mode
extension MapboxMapWrapperView.Coordinator: AnnotationInteractionDelegate {
                                            ^
/Users/seven/Downloads/PhotoTrail/FootprintMap/FootprintMap/MapboxMapView.swift:275:45: note: isolate this conformance to the main actor with '@MainActor'
extension MapboxMapWrapperView.Coordinator: AnnotationInteractionDelegate {
                                            ^
                                            @MainActor 
/Users/seven/Downloads/PhotoTrail/FootprintMap/FootprintMap/MapboxMapView.swift:275:1: note: mark all declarations used in the conformance 'nonisolated'
extension MapboxMapWrapperView.Coordinator: AnnotationInteractionDelegate {
^
/Users/seven/Downloads/PhotoTrail/FootprintMap/FootprintMap/MapboxMapView.swift:275:45: note: turn data races into runtime errors with '@preconcurrency'
extension MapboxMapWrapperView.Coordinator: AnnotationInteractionDelegate {
                                            ^
                                            @preconcurrency 
/Users/seven/Downloads/PhotoTrail/FootprintMap/FootprintMap/MapboxMapView.swift:276:10: note: main actor-isolated instance method 'annotationManager(_:didDetectTappedAnnotations:)' cannot satisfy nonisolated requirement
    func annotationManager(_ manager: AnnotationManager, didDetectTappedAnnotations annotations: [Annotation]) {
         ^
/Users/seven/Downloads/PhotoTrail/FootprintMap/FootprintMap/MapboxMapView.swift:29:13: error: argument 'cameraOptions' must precede argument 'styleURI'
            cameraOptions: cameraOptions
~~~~~~~~~~~~^~~~~~~~~~~~~~~~~~~~~~~~~~~~
/Users/seven/Downloads/PhotoTrail/FootprintMap/FootprintMap/MapboxMapView.swift:32:38: error: reference to member 'flexibleWidth' cannot be resolved without a contextual type
        mapView.autoresizingMask = [.flexibleWidth, .flexibleHeight]
                                     ^
/Users/seven/Downloads/PhotoTrail/FootprintMap/FootprintMap/MapboxMapView.swift:32:54: error: reference to member 'flexibleHeight' cannot be resolved without a contextual type
        mapView.autoresizingMask = [.flexibleWidth, .flexibleHeight]
                                                     ^
/Users/seven/Downloads/PhotoTrail/FootprintMap/FootprintMap/MapboxMapView.swift:94:41: warning: 'delegate' is deprecated: Use tapHandler property of Annotation
                pointAnnotationManager?.delegate = self
                                        ^
/Users/seven/Downloads/PhotoTrail/FootprintMap/FootprintMap/MapboxMapView.swift:130:27: warning: 'userInfo' is deprecated: Use customData instead.
                    point.userInfo = ["photoIDs": wp.photoIDs]
                          ^
/Users/seven/Downloads/PhotoTrail/FootprintMap/FootprintMap/MapboxMapView.swift:142:52: warning: 'camera(for:padding:bearing:pitch:)' is deprecated: Use camera(for:camera:coordinatesPadding:maxZoom:offset:) instead.
                    var camera = mapView.mapboxMap.camera(
                                                   ^
/Users/seven/Downloads/PhotoTrail/FootprintMap/FootprintMap/MapboxMapView.swift:142:52: note: use 'camera(for:camera:coordinatesPadding:maxZoom:offset:)' instead
                    var camera = mapView.mapboxMap.camera(
                                                   ^
/Users/seven/Downloads/PhotoTrail/FootprintMap/FootprintMap/MapboxMapView.swift:237:60: warning: 'camera(for:padding:bearing:pitch:)' is deprecated: Use camera(for:camera:coordinatesPadding:maxZoom:offset:) instead.
                            var camera = mapView.mapboxMap.camera(
                                                           ^
/Users/seven/Downloads/PhotoTrail/FootprintMap/FootprintMap/MapboxMapView.swift:237:60: note: use 'camera(for:camera:coordinatesPadding:maxZoom:offset:)' instead
                            var camera = mapView.mapboxMap.camera(
                                                           ^
/Users/seven/Downloads/PhotoTrail/FootprintMap/FootprintMap/MapboxMapView.swift:278:31: warning: 'userInfo' is deprecated: Use customData instead.
              let ids = first.userInfo?["photoIDs"] as? [String] else { return }
                              ^

SwiftEmitModule normal arm64 Emitting\ module\ for\ FootprintMap (in target 'FootprintMap' from project 'FootprintMap')
EmitSwiftModule normal arm64 (in target 'FootprintMap' from project 'FootprintMap')
    cd /Users/seven/Downloads/PhotoTrail/FootprintMap
    

SwiftCompile normal arm64 Compiling\ PhotoMapViews.swift /Users/seven/Downloads/PhotoTrail/FootprintMap/FootprintMap/PhotoMapViews.swift (in target 'FootprintMap' from project 'FootprintMap')
SwiftCompile normal arm64 /Users/seven/Downloads/PhotoTrail/FootprintMap/FootprintMap/PhotoMapViews.swift (in target 'FootprintMap' from project 'FootprintMap')
    cd /Users/seven/Downloads/PhotoTrail/FootprintMap
    

SwiftCompile normal arm64 Compiling\ PhotoGalleryViews.swift /Users/seven/Downloads/PhotoTrail/FootprintMap/FootprintMap/PhotoGalleryViews.swift (in target 'FootprintMap' from project 'FootprintMap')

SwiftCompile normal arm64 /Users/seven/Downloads/PhotoTrail/FootprintMap/FootprintMap/PhotoGalleryViews.swift (in target 'FootprintMap' from project 'FootprintMap')
    cd /Users/seven/Downloads/PhotoTrail/FootprintMap
    

** BUILD FAILED **


The following build commands failed:
	SwiftCompile normal arm64 Compiling\ MapboxMapView.swift /Users/seven/Downloads/PhotoTrail/FootprintMap/FootprintMap/MapboxMapView.swift (in target 'FootprintMap' from project 'FootprintMap')
	SwiftCompile normal arm64 /Users/seven/Downloads/PhotoTrail/FootprintMap/FootprintMap/MapboxMapView.swift (in target 'FootprintMap' from project 'FootprintMap')
	Building workspace FootprintMap with scheme FootprintMap
(3 failures)
